<?xml version="1.0" encoding="UTF-8"?>
<!-- Generated by org.testng.reporters.JUnitReportReporter -->
<testsuite skipped="0" hostname="Jimiait" name="Assignment3.AddContact" tests="1" failures="0" timestamp="2022-08-10T10:41:32 CDT" time="12.869" errors="0">
  <testcase name="login" time="12.869" classname="Assignment3.AddContact"/>
  <system-out/>
</testsuite> <!-- Assignment3.AddContact -->
