<?xml version="1.0" encoding="UTF-8"?>
<!-- Generated by org.testng.reporters.JUnitReportReporter -->
<testsuite skipped="0" hostname="Jimiait" name="Assignment3.ValueFromDropDown" tests="1" failures="0" timestamp="2022-08-10T09:16:13 CDT" time="7.051" errors="0">
  <testcase name="dropDownFullList" time="7.051" classname="Assignment3.ValueFromDropDown"/>
  <system-out/>
</testsuite> <!-- Assignment3.ValueFromDropDown -->
